atlantis_game
328196
NewOrigins
131072
1
6
128
4
49
100
1
2
3
1
-1
-1
-1
-6
0
0
The Guardsmen (1)
NoAddress
none
1
0
2
5
GATE 3
MHEA 3
FARS 3
EART 2
COMB 2
100
2 IRON
2 RGEM
2 MITH
2 ADMT
2 WOOD
2 IRWD
2 YEW
2 STON
2 ROOT
2 FUR
2 FLOA
2 FISH
2 NET
2 TURT
2 HERB
2 LASS
2 BAG
2 MUSH
2 HORS
2 CAME
2 WING
2 SWOR
2 XBOW
2 LBOW
2 PICK
2 SPEA
2 AXE
2 HAMM
2 JAVE
2 LANC
2 BAXE
2 PIKE
2 MSWO
2 MXBO
2 DBOW
2 ASWR
2 CARM
2 LARM
2 CLAR
2 WSHD
2 PARM
2 ISHD
2 MARM
2 ARNG
2 AARM
2 MSHD
2 WAGO
2 SPIN
2 MWAG
2 GLID
2 LONG
2 RAFT
2 COG
2 GALL
2 GLLY
2 CORS
2 BALL
2 AIRS
2 HPOT
2 GRAI
2 LIVE
2 CLOU
2 WOLF
2 EAGL
2 DRAG
2 SKEL
2 UNDE
2 LICH
2 IMP
2 DEMO
2 BALR
2 iWOLF
2 iEAGL
2 iDRAG
2 iSKEL
2 iUNDE
2 iLICH
2 iIMP
2 iDEMO
2 iBALR
2 RING
2 CLOA
2 STAF
2 AMTS
2 AMPR
2 RUNE
2 SHST
2 CARP
2 PORT
2 GEM
2 FSWO
2 AEGS
2 WCHM
2 GTCR
2 STAH
2 SORB
2 CORN
2 BKEX
2 HLYS
2 CNSR
2
0
2
-1
-1
-1
-6
0
0
Creatures (2)
NoAddress
none
1
0
2
0
1
2 SILV
2
0
3
1
1
2
1
1
542
Royal Pinguins (3)
vitperov@gmail.com
qwe123
1
0
2
10
FORC 2
PATT 1
SPIR 1
GATE 1
COMB 3
ENDU 3
ENTE 1
QUAR 1
FIRE 1
TACT 1
7
2 LEAD
2 SILV
2 GBLN
2 STON
2 HELF
2 SWOR
2 CTAU
2
1
2
1
161
3
1
1
nexus
0
16
16
none
1
8
8
underworld
2
2
The Void
0
nexus
6
0
NO_RACE
0
0
0
0
0
0
0
0
0
0
100
0
0
0
0
0
0
0
0
0
6
0
None
0
Dummy
none
-1
-1
0
2
City Guard (1)
none
1
2
1
1
2
0
NO_ITEM
NO_ITEM
NO_ITEM
NO_ITEM
NO_ITEM
NO_ITEM
NO_ITEM
NO_ITEM
NO_ITEM
10
5
500 LEAD
500 SWOR
500 XXXX
25000 SILV
500 PARM
3
COMB 90000
OBSE 825000
TACT 150000
NO_SKILL
0
-1
0
City Mage (2)
none
2
4
1
0
2
0
NO_ITEM
NO_ITEM
NO_ITEM
NO_ITEM
NO_ITEM
NO_ITEM
NO_ITEM
NO_ITEM
NO_ITEM
11
3
1 LEAD
1 XXXX
50 SILV
3
FORC 300
FIRE 300
TACT 300
FIRE
0
-1
0
1
Gateway
0
Gateway to plain [1]
none
25
-1
0
0
2
Gateway
0
Gateway to mountain [2]
none
45
-1
0
0
3
Gateway
0
Gateway to swamp [3]
none
1
-1
0
0
4
Gateway
0
Gateway to desert [4]
none
69
-1
0
0
5
Gateway
0
Gateway to tundra [5]
none
13
-1
0
0
Wrarirg
1
swamp
1
0
GBLN
1023
559
126
126
531
0
0
0
0
0
1678
87
87
0
0
0
1
0
6
LIVE
17
17
10
WOOD
11
11
10
HERB
13
13
10
MUSH
8
8
10
SILV
281
281
NO_SKILL
126
SILV
24
24
ENTE
300
2
0
GBLN
30
40
0
10000
0
2000
30
0
LEAD
705
8
0
10000
0
400
705
1
0
None
0
Dummy
none
-1
-1
0
0
Wrarirg
2
swamp
1
0
GNOL
1420
751
132
132
3009
0
0
0
0
0
2255
92
92
1
Fethsel
3282
4924
2
0
1
0
6
LIVE
16
16
10
WOOD
14
14
10
HERB
15
15
10
MUSH
6
6
10
SILV
601
601
NO_SKILL
132
SILV
197
197
ENTE
300
13
1
GRAI
21
164
1420
3920
82
164
17
1
LIVE
20
160
1420
3920
80
160
16
1
FISH
23
126
1420
3920
63
126
18
1
BAXE
179
3
4170
11420
0
48
130
1
LARM
55
0
4920
11420
0
26
50
1
SWOR
93
0
5670
11420
0
47
85
1
PICK
73
0
6420
11420
0
39
67
0
TARO
106
0
6420
11420
0
97
106
1
CAVI
227
0
6170
11420
0
67
207
0
CHOC
86
0
8086
11420
0
51
86
1
GEM
422
0
7920
11420
0
82
384
0
GNOL
42
188
0
10000
0
2000
42
0
LEAD
739
37
0
10000
0
400
739
1
0
None
0
Dummy
none
-1
-1
0
1
City Guard (3)
none
3
2
1
1
2
0
NO_ITEM
NO_ITEM
NO_ITEM
NO_ITEM
NO_ITEM
NO_ITEM
NO_ITEM
NO_ITEM
NO_ITEM
10
3
80 LEAD
80 SWOR
4000 SILV
2
COMB 7200
OBSE 7200
NO_SKILL
0
-1
0
Tentme'aph
3
plain
1
0
CTAU
2533
1279
126
126
1317
0
0
0
0
0
3838
87
87
0
4
0
1
0
4
LIVE
70
70
10
HORS
30
30
10
SILV
531
531
NO_SKILL
126
SILV
83
83
ENTE
300
2
0
CTAU
70
101
0
10000
0
2000
70
0
LEAD
705
20
0
10000
0
400
705
1
0
None
0
Dummy
none
-1
-1
0
0
Atlantis Ocean
4
ocean
1
0
NO_RACE
0
0
0
0
0
0
0
0
0
0
1
0
0
0
6
0
1
0
1
FISH
38
38
10
0
1
0
None
0
Dummy
none
-1
-1
0
0
Atlantis Ocean
5
ocean
1
0
NO_RACE
0
0
0
0
0
0
0
0
0
0
1
0
0
0
8
0
1
0
2
FISH
38
38
10
TURT
6
6
10
0
1
0
None
0
Dummy
none
-1
-1
0
0
Randjome
6
tundra
2
0
GNOL
1281
657
120
120
512
0
0
0
0
0
1971
78
78
0
10
0
1
0
6
GRAI
11
11
10
FUR
12
12
10
HERB
16
16
10
WING
9
9
10
SILV
239
239
NO_SKILL
120
SILV
27
27
ENTE
300
2
0
GNOL
38
51
0
10000
0
2000
38
0
LEAD
672
10
0
10000
0
400
672
2
0
None
0
Dummy
none
-1
-1
0
0
1
Ruin
0
Ruin [1]
none
-1
-1
0
1
Yeti (23)
none
23
3
2
2
0
0
NO_ITEM
NO_ITEM
NO_ITEM
NO_ITEM
NO_ITEM
NO_ITEM
NO_ITEM
NO_ITEM
NO_ITEM
10
1
4 YETI
0
NO_SKILL
0
-1
0
Atlantis Ocean
7
ocean
1
0
NO_RACE
0
0
0
0
0
0
0
0
0
0
1
0
0
0
12
0
1
0
1
FISH
21
21
10
0
1
0
None
0
Dummy
none
-1
-1
0
0
Atlantis Ocean
8
ocean
1
0
NO_RACE
0
0
0
0
0
0
0
0
0
0
1
0
0
0
14
0
1
0
1
FISH
26
26
10
0
1
0
None
0
Dummy
none
-1
-1
0
0
Wrarirg
9
swamp
1
0
ORC
1427
710
110
110
285
0
0
0
0
0
2131
67
67
0
1
1
1
0
5
LIVE
19
19
10
WOOD
13
13
10
HERB
18
18
10
SILV
129
129
NO_SKILL
110
SILV
20
20
ENTE
300
2
0
ORC
35
57
0
10000
0
2000
35
0
LEAD
616
11
0
10000
0
400
616
1
0
None
0
Dummy
none
-1
-1
0
0
Tentme'aph
10
plain
1
0
HUMN
1946
1063
126
126
1011
0
0
0
0
0
3191
87
87
0
3
1
1
0
4
GRAI
67
67
10
HORS
20
20
10
SILV
422
422
NO_SKILL
126
SILV
57
57
ENTE
300
2
0
HUMN
40
77
0
10000
0
2000
40
0
LEAD
705
15
0
10000
0
400
705
1
0
None
0
Dummy
none
-1
-1
0
0
Tentme'aph
11
plain
1
0
HELF
2594
1290
135
135
1815
0
0
0
0
0
3872
99
99
0
5
1
1
0
4
GRAI
76
76
10
HORS
38
38
10
SILV
730
730
NO_SKILL
135
SILV
108
108
ENTE
300
2
0
HELF
43
103
0
10000
0
2000
43
0
LEAD
756
20
0
10000
0
400
756
1
0
None
0
Dummy
none
-1
-1
0
0
Atlantis Ocean
12
ocean
1
0
NO_RACE
0
0
0
0
0
0
0
0
0
0
1
0
0
0
7
1
1
0
2
FISH
28
28
10
RGEM
9
9
10
0
1
0
None
0
Dummy
none
-1
-1
0
0
Randjome
13
tundra
2
0
IDWA
1008
517
110
110
201
0
0
0
0
0
1551
67
67
0
9
1
1
0
7
LIVE
11
11
10
FUR
17
17
10
HERB
16
16
10
WING
8
8
10
RGEM
5
5
10
SILV
107
107
NO_SKILL
110
SILV
13
13
ENTE
300
2
0
IDWA
35
40
0
10000
0
2000
35
0
LEAD
616
8
0
10000
0
400
616
2
0
None
0
Dummy
none
-1
-1
0
0
1
Shaft
0
Shaft [1]
none
131
-1
0
0
Atlantis Ocean
14
ocean
1
0
NO_RACE
0
0
0
0
0
0
0
0
0
0
1
0
0
0
11
1
1
0
2
FISH
35
35
10
RGEM
6
6
10
0
1
0
None
0
Dummy
none
-1
-1
0
1
Pirates (12)
none
12
3
2
2
0
0
NO_ITEM
NO_ITEM
NO_ITEM
NO_ITEM
NO_ITEM
NO_ITEM
NO_ITEM
NO_ITEM
NO_ITEM
10
1
12 PIRA
0
NO_SKILL
0
-1
0
Je'acre
15
tundra
1
0
GNOM
1184
598
124
124
568
0
0
0
0
0
1795
84
84
0
13
1
1
0
5
LIVE
14
14
10
FUR
17
17
10
HERB
16
16
10
SILV
270
270
NO_SKILL
124
SILV
27
27
ENTE
300
2
0
GNOM
29
47
0
10000
0
2000
29
0
LEAD
694
9
0
10000
0
400
694
1
0
None
0
Dummy
none
-1
-1
0
0
Atlantis Ocean
16
ocean
1
0
NO_RACE
0
0
0
0
0
0
0
0
0
0
1
0
0
0
15
1
1
0
2
FISH
33
33
10
TURT
6
6
10
0
1
0
None
0
Dummy
none
-1
-1
0
0
Atlantis Ocean
17
ocean
1
0
NO_RACE
0
0
0
0
0
0
0
0
0
0
1
0
0
0
0
2
1
0
3
FISH
38
38
10
TURT
8
8
10
RGEM
8
8
10
0
1
0
None
0
Dummy
none
-1
-1
0
0
Wrarirg
18
swamp
1
0
GBLN
1554
809
117
117
528
0
0
0
0
0
2429
75
75
0
2
2
1
0
6
LIVE
10
10
10
WOOD
17
17
10
HERB
16
16
10
MUSH
7
7
10
SILV
230
230
NO_SKILL
117
SILV
31
31
ENTE
300
2
0
GBLN
28
62
0
10000
0
2000
28
0
LEAD
655
12
0
10000
0
400
655
1
0
None
0
Dummy
none
-1
-1
0
0
Tentme'aph
19
plain
1
0
CTAU
2915
1472
121
121
1224
0
0
0
0
0
4417
80
80
0
4
2
1
0
4
GRAI
59
59
10
HORS
38
38
10
SILV
489
489
NO_SKILL
121
SILV
88
88
ENTE
300
2
0
CTAU
67
116
0
10000
0
2000
67
0
LEAD
677
23
0
10000
0
400
677
1
0
None
0
Dummy
none
-1
-1
0
0
Atlantis Ocean
20
ocean
1
0
NO_RACE
0
0
0
0
0
0
0
0
0
0
1
0
0
0
6
2
1
0
2
FISH
26
26
10
RGEM
5
5
10
0
1
0
None
0
Dummy
none
-1
-1
0
0
Atlantis Ocean
21
ocean
1
0
NO_RACE
0
0
0
0
0
0
0
0
0
0
1
0
0
0
8
2
1
0
1
FISH
24
24
10
0
1
0
None
0
Dummy
none
-1
-1
0
0
Piane
22
mountain
1
0
ORC
2131
1044
120
120
852
0
0
0
0
0
3134
79
79
0
10
2
1
0
5
GRAI
24
24
10
IRON
26
26
10
STON
10
10
10
SILV
350
350
NO_SKILL
120
SILV
54
54
ENTE
300
2
0
ORC
38
85
0
10000
0
2000
38
0
LEAD
672
17
0
10000
0
400
672
1
0
None
0
Dummy
none
-1
-1
0
0
Atlantis Ocean
23
ocean
1
0
NO_RACE
0
0
0
0
0
0
0
0
0
0
1
0
0
0
12
2
1
0
2
FISH
29
29
10
TURT
8
8
10
0
1
0
None
0
Dummy
none
-1
-1
0
0
Atlantis Ocean
24
ocean
1
0
NO_RACE
0
0
0
0
0
0
0
0
0
0
1
0
0
0
14
2
1
0
1
FISH
38
38
10
0
1
0
None
0
Dummy
none
-1
-1
0
0
Ucsi
25
plain
1
0
HELF
2032
1058
126
126
1056
0
0
0
0
0
3175
87
87
0
1
3
1
0
5
GRAI
71
71
10
HORS
32
32
10
WING
9
9
10
SILV
439
439
NO_SKILL
126
SILV
60
60
ENTE
300
2
0
HELF
40
81
0
10000
0
2000
40
0
LEAD
705
16
0
10000
0
400
705
1
0
None
0
Dummy
none
-1
-1
0
0
Wrarirg
26
swamp
1
0
GNOL
1493
777
111
111
328
0
0
0
0
0
2333
68
68
0
3
3
1
0
5
GRAI
10
10
10
WOOD
12
12
10
HERB
17
17
10
SILV
147
147
NO_SKILL
111
SILV
23
23
ENTE
300
2
0
GNOL
35
59
0
10000
0
2000
35
0
LEAD
621
11
0
10000
0
400
621
1
0
None
0
Dummy
none
-1
-1
0
1
Tribe of Centaurs (11)
none
11
3
2
2
0
0
NO_ITEM
NO_ITEM
NO_ITEM
NO_ITEM
NO_ITEM
NO_ITEM
NO_ITEM
NO_ITEM
NO_ITEM
10
1
6 CENT
0
NO_SKILL
0
-1
0
Tentme'aph
27
plain
1
0
HUMN
1876
920
150
150
10424
0
0
0
0
0
2760
115
115
1
Cinongcri
8548
12823
5
3
1
0
4
GRAI
42
42
10
HORS
26
26
10
SILV
2084
2084
NO_SKILL
150
SILV
625
625
ENTE
300
14
1
GRAI
23
168
1876
4376
84
168
18
1
LIVE
29
176
1876
4376
88
176
22
1
FISH
23
110
1876
4376
55
110
18
1
LANC
163
20
8126
11876
0
33
118
1
PARM
361
32
4626
11876
0
41
260
1
SPIN
118
27
5376
11876
0
35
86
1
HAMM
82
32
6126
11876
0
43
60
1
JAVE
107
24
6876
11876
0
34
78
1
IVOR
256
69
6626
11876
0
96
185
1
CAVI
288
50
8376
11876
0
86
208
0
CHOC
64
59
6876
11876
0
84
64
0
COTT
82
37
8542
11876
0
67
82
0
HUMN
48
416
0
10000
0
2000
48
0
LEAD
840
83
0
10000
0
400
840
1
0
None
0
Dummy
none
-1
-1
0
1
City Guard (4)
none
4
2
1
1
2
0
NO_ITEM
NO_ITEM
NO_ITEM
NO_ITEM
NO_ITEM
NO_ITEM
NO_ITEM
NO_ITEM
NO_ITEM
10
3
120 LEAD
120 SWOR
6000 SILV
2
COMB 21600
OBSE 21600
NO_SKILL
0
-1
0
Atlantis Ocean
28
ocean
1
0
NO_RACE
0
0
0
0
0
0
0
0
0
0
1
0
0
0
7
3
1
0
1
FISH
35
35
10
0
1
0
None
0
Dummy
none
-1
-1
0
0
Atlantis Ocean
29
ocean
1
0
NO_RACE
0
0
0
0
0
0
0
0
0
0
1
0
0
0
9
3
1
0
1
FISH
25
25
10
0
1
0
None
0
Dummy
none
-1
-1
0
0
Atlantis Ocean
30
ocean
1
0
NO_RACE
0
0
0
0
0
0
0
0
0
0
1
0
0
0
11
3
1
0
1
FISH
26
26
10
0
1
0
None
0
Dummy
none
-1
-1
0
0
Atlantis Ocean
31
ocean
1
0
NO_RACE
0
0
0
0
0
0
0
0
0
0
1
0
0
0
13
3
1
0
3
FISH
35
35
10
TURT
6
6
10
RGEM
9
9
10
0
1
0
None
0
Dummy
none
-1
-1
0
0
Atlantis Ocean
32
ocean
1
0
NO_RACE
0
0
0
0
0
0
0
0
0
0
1
0
0
0
15
3
1
0
1
FISH
30
30
10
0
1
0
None
0
Dummy
none
-1
-1
0
0
Atlantis Ocean
33
ocean
1
0
NO_RACE
0
0
0
0
0
0
0
0
0
0
1
0
0
0
0
4
1
0
1
FISH
26
26
10
0
1
0
None
0
Dummy
none
-1
-1
0
0
Tentme'aph
34
plain
1
26
8
GNOL
2289
1192
121
121
961
0
0
0
0
0
3578
80
80
0
2
4
1
0
4
GRAI
78
78
10
HORS
36
36
10
SILV
391
391
NO_SKILL
121
SILV
62
62
ENTE
300
2
0
GNOL
38
91
0
10000
0
2000
38
0
LEAD
677
18
0
10000
0
400
677
1
0
None
0
Dummy
none
-1
-1
0
0
Tentme'aph
35
plain
1
0
HUMN
2620
1266
123
123
1205
0
0
0
0
0
3798
82
82
0
4
4
1
0
4
GRAI
41
41
10
HORS
35
35
10
SILV
484
484
NO_SKILL
123
SILV
80
80
ENTE
300
2
0
HUMN
39
104
0
10000
0
2000
39
0
LEAD
688
20
0
10000
0
400
688
1
0
None
0
Dummy
none
-1
-1
0
0
Tentme'aph
36
plain
2
0
CTAU
2140
1115
127
127
1155
0
0
0
0
0
3345
88
88
0
6
4
1
0
4
GRAI
79
79
10
HORS
28
28
10
SILV
475
475
NO_SKILL
127
SILV
67
67
ENTE
300
2
0
CTAU
71
85
0
10000
0
2000
71
0
LEAD
711
17
0
10000
0
400
711
2
0
None
0
Dummy
none
-1
-1
0
0
1
Ruin
0
Ruin [1]
none
-1
-1
0
1
Tribe of Centaurs (32)
none
32
3
2
2
0
0
NO_ITEM
NO_ITEM
NO_ITEM
NO_ITEM
NO_ITEM
NO_ITEM
NO_ITEM
NO_ITEM
NO_ITEM
10
1
4 CENT
0
NO_SKILL
0
-1
0
Atlantis Ocean
37
ocean
1
0
NO_RACE
0
0
0
0
0
0
0
0
0
0
1
0
0
0
8
4
1
0
1
FISH
23
23
10
0
1
0
None
0
Dummy
none
-1
-1
0
0
Atlantis Ocean
38
ocean
1
0
NO_RACE
0
0
0
0
0
0
0
0
0
0
1
0
0
0
10
4
1
0
2
FISH
24
24
10
TURT
8
8
10
0
1
0
None
0
Dummy
none
-1
-1
0
0
Erscicpest
39
swamp
1
0
LIZA
1459
726
115
115
437
0
0
0
0
0
2178
73
73
0
12
4
1
0
5
GRAI
19
19
10
WOOD
12
12
10
HERB
18
18
10
SILV
198
198
NO_SKILL
115
SILV
26
26
ENTE
300
2
0
LIZA
36
58
0
10000
0
2000
36
0
LEAD
644
11
0
10000
0
400
644
1
0
None
0
Dummy
none
-1
-1
0
0
Twitell
40
mountain
1
0
ORC
2196
1109
123
123
1010
0
0
0
0
0
3328
82
82
0
14
4
1
0
5
GRAI
24
24
10
IRON
30
30
10
STON
11
11
10
SILV
414
414
NO_SKILL
123
SILV
62
62
ENTE
300
2
0
ORC
39
87
0
10000
0
2000
39
0
LEAD
688
17
0
10000
0
400
688
1
0
None
0
Dummy
none
-1
-1
0
0
Ucsi
41
plain
1
0
HELF
2808
1440
130
130
1684
0
0
0
0
0
4321
92
92
0
1
5
1
0
4
GRAI
55
55
10
HORS
35
35
10
SILV
674
674
NO_SKILL
130
SILV
107
107
ENTE
300
2
0
HELF
41
112
0
10000
0
2000
41
0
LEAD
728
22
0
10000
0
400
728
1
0
None
0
Dummy
none
-1
-1
0
0
Tentme'aph
42
plain
2
0
GNOL
2178
1068
120
120
871
0
0
0
0
0
3204
79
79
0
3
5
1
0
4
GRAI
57
57
10
HORS
28
28
10
SILV
357
357
NO_SKILL
120
SILV
56
56
ENTE
300
2
0
GNOL
38
87
0
10000
0
2000
38
0
LEAD
672
17
0
10000
0
400
672
2
0
None
0
Dummy
none
-1
-1
0
0
1
Ruin
0
Ruin [1]
none
-1
-1
0
1
Tribe of Centaurs (33)
none
33
3
2
2
0
0
NO_ITEM
NO_ITEM
NO_ITEM
NO_ITEM
NO_ITEM
NO_ITEM
NO_ITEM
NO_ITEM
NO_ITEM
10
1
7 CENT
0
NO_SKILL
0
-1
0
Tentme'aph
43
plain
1
0
CTAU
2878
1432
133
133
1899
0
0
0
0
0
4296
96
96
0
5
5
1
0
4
GRAI
69
69
10
HORS
30
30
10
SILV
760
760
NO_SKILL
133
SILV
120
120
ENTE
300
2
0
CTAU
74
115
0
10000
0
2000
74
0
LEAD
744
23
0
10000
0
400
744
1
0
None
0
Dummy
none
-1
-1
0
0
Atlantis Ocean
44
ocean
1
0
NO_RACE
0
0
0
0
0
0
0
0
0
0
1
0
0
0
7
5
1
0
2
FISH
30
30
10
RGEM
9
9
10
0
1
0
None
0
Dummy
none
-1
-1
0
0
Piane
45
mountain
2
7
11
ORC
2074
1038
123
123
954
0
0
0
0
0
3116
82
82
0
9
5
1
1
5
GRAI
22
22
10
IRON
23
23
10
STON
10
10
10
SILV
393
393
NO_SKILL
123
SILV
57
57
ENTE
300
2
0
ORC
39
82
0
10000
0
2000
39
0
LEAD
688
16
0
10000
0
400
688
2
0
None
0
Dummy
none
-1
-1
0
0
1
Magician's Tower
0
Magician's Tower [1]
none
-1
-1
0
2
Evil Mages (24)
none
24
3
2
2
0
0
NO_ITEM
NO_ITEM
NO_ITEM
NO_ITEM
NO_ITEM
NO_ITEM
NO_ITEM
NO_ITEM
NO_ITEM
11
2
2 MAGI
4 SORC
0
NO_SKILL
0
-1
0
Evil Warriors (25)
none
25
3
2
2
0
0
NO_ITEM
NO_ITEM
NO_ITEM
NO_ITEM
NO_ITEM
NO_ITEM
NO_ITEM
NO_ITEM
NO_ITEM
10
1
14 WARR
0
NO_SKILL
0
-1
0
Atlantis Ocean
46
ocean
1
0
NO_RACE
0
0
0
0
0
0
0
0
0
0
1
0
0
0
11
5
1
0
1
FISH
27
27
10
0
1
0
None
0
Dummy
none
-1
-1
0
0
Twitell
47
mountain
1
0
HDWA
2074
1017
137
137
1534
0
0
0
0
0
3051
101
101
0
13
5
1
0
5
LIVE
20
20
10
IRON
20
20
10
STON
19
19
10
SILV
633
633
NO_SKILL
137
SILV
81
81
ENTE
300
2
0
HDWA
43
82
0
10000
0
2000
43
0
LEAD
767
16
0
10000
0
400
767
1
0
None
0
Dummy
none
-1
-1
0
1
Family of Ogres (14)
none
14
3
2
2
0
0
NO_ITEM
NO_ITEM
NO_ITEM
NO_ITEM
NO_ITEM
NO_ITEM
NO_ITEM
NO_ITEM
NO_ITEM
10
1
2 OGRE
0
NO_SKILL
0
-1
0
Twitell
48
mountain
1
0
HUMN
1865
928
121
121
783
0
0
0
0
0
2785
80
80
0
15
5
1
0
6
GRAI
22
22
10
IRON
31
31
10
STON
11
11
10
MITH
7
7
10
SILV
329
329
NO_SKILL
121
SILV
46
46
ENTE
300
2
0
HUMN
38
74
0
10000
0
2000
38
0
LEAD
677
14
0
10000
0
400
677
1
0
None
0
Dummy
none
-1
-1
0
0
Atlantis Ocean
49
ocean
1
0
NO_RACE
0
0
0
0
0
0
0
0
0
0
1
0
0
0
0
6
1
0
2
FISH
37
37
10
TURT
7
7
10
0
1
0
None
0
Dummy
none
-1
-1
0
0
Tentme'aph
50
plain
2
0
HELF
1955
1068
135
135
1368
0
0
0
0
0
3205
99
99
0
2
6
1
0
5
LIVE
69
69
10
HORS
34
34
10
WING
5
5
10
SILV
571
571
NO_SKILL
135
SILV
72
72
ENTE
300
2
0
HELF
43
78
0
10000
0
2000
43
0
LEAD
756
15
0
10000
0
400
756
2
0
None
0
Dummy
none
-1
-1
0
0
1
Ruin
0
Ruin [1]
none
-1
-1
0
1
Tribe of Centaurs (26)
none
26
3
2
2
0
0
NO_ITEM
NO_ITEM
NO_ITEM
NO_ITEM
NO_ITEM
NO_ITEM
NO_ITEM
NO_ITEM
NO_ITEM
10
1
7 CENT
0
NO_SKILL
0
-1
0
Tentme'aph
51
plain
1
0
GNOL
2604
1296
129
129
1510
0
0
0
0
0
3888
90
90
0
4
6
1
0
4
LIVE
73
73
10
HORS
23
23
10
SILV
607
607
NO_SKILL
129
SILV
94
94
ENTE
300
2
0
GNOL
41
104
0
10000
0
2000
41
0
LEAD
722
20
0
10000
0
400
722
1
0
None
0
Dummy
none
-1
-1
0
0
Atlantis Ocean
52
ocean
1
0
NO_RACE
0
0
0
0
0
0
0
0
0
0
1
0
0
0
6
6
1
0
2
FISH
37
37
10
RGEM
8
8
10
0
1
0
None
0
Dummy
none
-1
-1
0
0
Niroeck
53
plain
1
0
GNOL
1769
935
137
137
1309
0
0
0
0
0
2756
101
101
0
8
6
1
1
4
GRAI
67
67
10
HORS
34
34
10
SILV
560
560
NO_SKILL
137
SILV
65
65
ENTE
300
2
0
GNOL
43
70
0
10000
0
2000
43
0
LEAD
767
14
0
10000
0
400
767
1
0
None
0
Dummy
none
-1
-1
0
1
Scout (39)
none
39
0
3
2
2
0
NO_ITEM
NO_ITEM
NO_ITEM
NO_ITEM
NO_ITEM
NO_ITEM
NO_ITEM
NO_ITEM
NO_ITEM
2
2
405 SILV
1 CTAU
0
NO_SKILL
0
-1
0
Atlantis Ocean
54
ocean
1
0
NO_RACE
0
0
0
0
0
0
0
0
0
0
1
0
0
0
10
6
1
0
2
FISH
39
39
10
RGEM
9
9
10
0
1
0
None
0
Dummy
none
-1
-1
0
0
Erscicpest
55
swamp
1
0
GBLN
1222
626
124
124
586
0
0
0
0
0
1880
84
84
0
12
6
1
0
6
LIVE
19
19
10
WOOD
15
15
10
HERB
15
15
10
MUSH
8
8
10
SILV
277
277
NO_SKILL
124
SILV
29
29
ENTE
300
2
0
GBLN
29
48
0
10000
0
2000
29
0
LEAD
694
9
0
10000
0
400
694
1
0
None
0
Dummy
none
-1
-1
0
0
Atlantis Ocean
56
ocean
1
0
NO_RACE
0
0
0
0
0
0
0
0
0
0
1
0
0
0
14
6
1
0
1
FISH
30
30
10
0
1
0
None
0
Dummy
none
-1
-1
0
0
Atlantis Ocean
57
ocean
1
0
NO_RACE
0
0
0
0
0
0
0
0
0
0
1
0
0
0
1
7
1
0
1
FISH
24
24
10
0
1
0
None
0
Dummy
none
-1
-1
0
0
Tentme'aph
58
plain
1
0
HELF
2193
1091
137
137
1622
0
0
0
0
0
3274
102
102
0
3
7
1
0
5
LIVE
40
40
10
HORS
32
32
10
WING
6
6
10
SILV
666
666
NO_SKILL
137
SILV
88
88
ENTE
300
2
0
HELF
43
87
0
10000
0
2000
43
0
LEAD
767
17
0
10000
0
400
767
1
0
None
0
Dummy
none
-1
-1
0
0
Tentme'aph
59
plain
1
0
CTAU
2067
1130
123
123
950
0
0
0
0
0
3390
82
82
0
5
7
1
0
5
GRAI
74
74
10
HORS
34
34
10
WING
7
7
10
SILV
392
392
NO_SKILL
123
SILV
57
57
ENTE
300
2
0
CTAU
68
82
0
10000
0
2000
68
0
LEAD
688
16
0
10000
0
400
688
1
0
None
0
Dummy
none
-1
-1
0
0
Niroeck
60
plain
1
0
HELF
2026
1035
132
132
1296
0
0
0
0
0
3047
95
95
0
7
7
1
1
4
GRAI
43
43
10
HORS
37
37
10
SILV
539
539
NO_SKILL
132
SILV
70
70
ENTE
300
2
0
HELF
42
81
0
10000
0
2000
42
0
LEAD
739
16
0
10000
0
400
739
1
0
None
0
Dummy
none
-1
-1
0
2
Taxers (35)
none
35
0
3
0
2
0
NO_ITEM
NO_ITEM
NO_ITEM
NO_ITEM
NO_ITEM
NO_ITEM
NO_ITEM
NO_ITEM
NO_ITEM
6
2
2 HELF
98 SILV
1
COMB 60
NO_SKILL
0
-1
0
New taxers 3 (36)
none
36
0
3
2
2
0
NO_ITEM
NO_ITEM
NO_ITEM
NO_ITEM
NO_ITEM
NO_ITEM
NO_ITEM
NO_ITEM
NO_ITEM
2
1
1 HELF
1
COMB 30
NO_SKILL
0
-1
0
Niroeck
61
plain
1
0
CTAU
2924
1469
137
137
5521
0
0
0
0
0
4407
100
100
1
Tubestint
4537
6765
9
7
1
1
4
LIVE
61
61
10
HORS
30
30
10
SILV
1104
1104
NO_SKILL
137
SILV
350
350
ENTE
300
14
1
GRAI
27
110
2908
5408
55
110
21
1
LIVE
23
102
2908
5408
51
102
18
1
FISH
20
172
2908
5408
86
172
16
1
LANC
146
0
9158
12908
0
20
133
1
AXE
92
11
5658
12908
0
47
67
1
LBOW
94
4
6408
12908
0
30
69
1
CARM
108
2
7158
12908
0
46
79
1
BAXE
139
0
7908
12908
0
29
127
0
PEAR
103
0
7908
12908
0
81
103
1
FIGU
185
0
7658
12908
0
64
169
1
CHOC
205
0
9408
12908
0
87
187
0
PERF
109
0
9574
12908
0
65
109
0
CTAU
76
298
0
10000
0
2000
76
0
LEAD
767
59
0
10000
0
400
767
1
0
None
0
Dummy
none
-1
-1
0
6
Combat2 (42)
none
42
0
3
0
2
0
NO_ITEM
NO_ITEM
NO_ITEM
NO_ITEM
NO_ITEM
NO_ITEM
NO_ITEM
NO_ITEM
NO_ITEM
2
3
12 GBLN
492 SILV
6 SWOR
1
COMB 840
NO_SKILL
0
-1
0
Pinguin King (31)
none
31
1
3
0
2
0
NO_ITEM
NO_ITEM
NO_ITEM
NO_ITEM
NO_ITEM
NO_ITEM
NO_ITEM
NO_ITEM
NO_ITEM
3
2
1 LEAD
85 SILV
7
FORC 135
PATT 30
SPIR 30
GATE 30
COMB 180
ENDU 180
FIRE 30
FIRE
0
-1
0
Mage1 (37)
none
37
1
3
0
2
0
NO_ITEM
NO_ITEM
NO_ITEM
NO_ITEM
NO_ITEM
NO_ITEM
NO_ITEM
NO_ITEM
NO_ITEM
3
2
1 LEAD
523 SILV
2
FORC 90
FIRE 40
FIRE
0
-1
0
Mage2 (38)
none
38
1
3
0
2
0
NO_ITEM
NO_ITEM
NO_ITEM
NO_ITEM
NO_ITEM
NO_ITEM
NO_ITEM
NO_ITEM
NO_ITEM
3
2
1 LEAD
372 SILV
3
FORC 120
TACT 40
FIRE 30
FIRE
0
-1
0
Wariors (44)
none
44
0
3
0
2
0
NO_ITEM
NO_ITEM
NO_ITEM
NO_ITEM
NO_ITEM
NO_ITEM
NO_ITEM
NO_ITEM
NO_ITEM
2
3
26 GBLN
1069 SILV
31 SWOR
1
COMB 1040
NO_SKILL
0
-1
0
StoneMakers (40)
none
40
0
3
2
2
0
NO_ITEM
NO_ITEM
NO_ITEM
NO_ITEM
NO_ITEM
NO_ITEM
NO_ITEM
NO_ITEM
NO_ITEM
18
2
4 GBLN
224 SILV
1
QUAR 280
NO_SKILL
0
-1
0
Atlantis Ocean
62
ocean
1
0
NO_RACE
0
0
0
0
0
0
0
0
0
0
1
0
0
0
11
7
1
0
3
FISH
27
27
10
TURT
9
9
10
RGEM
7
7
10
0
1
0
None
0
Dummy
none
-1
-1
0
0
Atlantis Ocean
63
ocean
1
0
ESKI
0
0
0
0
0
0
0
0
0
0
1
0
0
0
13
7
1
0
1
FISH
31
31
10
0
1
0
None
0
Dummy
none
-1
-1
0
0
Atlantis Ocean
64
ocean
1
0
NO_RACE
0
0
0
0
0
0
0
0
0
0
1
0
0
0
15
7
1
0
2
FISH
20
20
10
TURT
5
5
10
0
1
0
None
0
Dummy
none
-1
-1
0
0
Atlantis Ocean
65
ocean
1
0
NO_RACE
0
0
0
0
0
0
0
0
0
0
1
0
0
0
0
8
1
0
3
FISH
26
26
10
TURT
9
9
10
RGEM
5
5
10
0
1
0
None
0
Dummy
none
-1
-1
0
0
Atlantis Ocean
66
ocean
1
0
NO_RACE
0
0
0
0
0
0
0
0
0
0
1
0
0
0
2
8
1
0
2
FISH
28
28
10
RGEM
7
7
10
0
1
0
None
0
Dummy
none
-1
-1
0
0
Tentme'aph
67
plain
1
0
HUMN
1950
956
151
151
9720
0
0
0
0
0
2868
117
117
1
Ratubost
7580
11370
4
8
1
0
4
LIVE
78
78
10
HORS
31
31
10
SILV
1944
1944
NO_SKILL
151
SILV
581
581
ENTE
300
13
1
GRAI
24
194
1950
4450
97
194
19
1
LIVE
23
160
1950
4450
80
160
18
1
FISH
27
172
1950
4450
86
172
21
1
SWOR
88
25
4700
11950
0
38
64
1
JAVE
91
24
5450
11950
0
39
66
1
XBOW
83
23
6200
11950
0
40
61
1
SPIN
86
13
6950
11950
0
27
63
1
IVOR
280
36
6700
11950
0
68
202
0
TARO
87
27
6950
11950
0
53
87
0
SPIC
69
27
8616
11950
0
99
69
1
CHOC
216
18
8450
11950
0
59
156
0
HUMN
48
381
0
10000
0
2000
48
0
LEAD
845
76
0
10000
0
400
845
1
0
None
0
Dummy
none
-1
-1
0
1
City Guard (6)
none
6
2
1
1
2
0
NO_ITEM
NO_ITEM
NO_ITEM
NO_ITEM
NO_ITEM
NO_ITEM
NO_ITEM
NO_ITEM
NO_ITEM
10
3
120 LEAD
120 SWOR
6000 SILV
2
COMB 21600
OBSE 21600
NO_SKILL
0
-1
0
Atlantis Ocean
68
ocean
1
0
NO_RACE
0
0
0
0
0
0
0
0
0
0
1
0
0
0
6
8
1
0
1
FISH
22
22
10
0
1
0
None
0
Dummy
none
-1
-1
0
1
Merfolk (9)
none
9
3
2
2
0
0
NO_ITEM
NO_ITEM
NO_ITEM
NO_ITEM
NO_ITEM
NO_ITEM
NO_ITEM
NO_ITEM
NO_ITEM
10
1
99 MERF
0
NO_SKILL
0
-1
0
Onciblen
69
desert
1
0
GBLN
1613
804
110
110
322
0
0
0
0
0
2412
67
67
0
8
8
1
1
6
LIVE
11
11
10
IRON
12
12
10
STON
16
16
10
CAME
15
15
10
SILV
140
140
NO_SKILL
110
SILV
24
24
ENTE
300
2
0
GBLN
26
64
0
10000
0
2000
26
0
LEAD
616
12
0
10000
0
400
616
1
0
None
0
Dummy
none
-1
-1
0
2
Taxers1 (41)
none
41
0
3
0
2
0
NO_ITEM
NO_ITEM
NO_ITEM
NO_ITEM
NO_ITEM
NO_ITEM
NO_ITEM
NO_ITEM
NO_ITEM
6
3
4 GBLN
338 SILV
3 SWOR
1
COMB 160
NO_SKILL
0
-1
0
new Taxers 2 (47)
none
47
0
3
2
2
0
NO_ITEM
NO_ITEM
NO_ITEM
NO_ITEM
NO_ITEM
NO_ITEM
NO_ITEM
NO_ITEM
NO_ITEM
2
1
3 GBLN
1
COMB 90
NO_SKILL
0
-1
0
Atlantis Ocean
70
ocean
1
0
TMAN
0
0
0
0
0
0
0
0
0
0
1
0
0
0
10
8
1
0
1
FISH
33
33
10
0
1
0
None
0
Dummy
none
-1
-1
0
0
Atlantis Ocean
71
ocean
1
0
NO_RACE
0
0
0
0
0
0
0
0
0
0
1
0
0
0
12
8
1
0
2
FISH
31
31
10
RGEM
7
7
10
0
1
0
None
0
Dummy
none
-1
-1
0
0
Atlantis Ocean
72
ocean
1
0
NO_RACE
0
0
0
0
0
0
0
0
0
0
1
0
0
0
14
8
1
0
2
FISH
33
33
10
RGEM
6
6
10
0
1
0
None
0
Dummy
none
-1
-1
0
0
Atlantis Ocean
73
ocean
1
0
VIKI
0
0
0
0
0
0
0
0
0
0
1
0
0
0
1
9
1
0
2
FISH
27
27
10
TURT
5
5
10
0
1
0
None
0
Dummy
none
-1
-1
0
0
Atlantis Ocean
74
ocean
1
0
NO_RACE
0
0
0
0
0
0
0
0
0
0
1
0
0
0
3
9
1
0
3
FISH
20
20
10
TURT
8
8
10
RGEM
8
8
10
0
1
0
None
0
Dummy
none
-1
-1
0
0
Atlantis Ocean
75
ocean
1
0
NO_RACE
0
0
0
0
0
0
0
0
0
0
1
0
0
0
5
9
1
0
2
FISH
20
20
10
TURT
8
8
10
0
1
0
None
0
Dummy
none
-1
-1
0
0
Atlantis Ocean
76
ocean
1
0
NO_RACE
0
0
0
0
0
0
0
0
0
0
1
0
0
0
7
9
1
0
2
FISH
38
38
10
RGEM
5
5
10
0
1
0
None
0
Dummy
none
-1
-1
0
0
Onciblen
77
desert
1
0
GBLN
1482
796
124
124
711
0
0
0
0
0
2183
84
84
0
9
9
1
1
7
GRAI
10
10
10
IRON
18
18
10
STON
19
19
10
ROOT
5
5
10
CAME
16
16
10
SILV
320
320
NO_SKILL
124
SILV
37
37
ENTE
300
2
0
GBLN
29
59
0
10000
0
2000
29
0
LEAD
694
11
0
10000
0
400
694
1
0
None
0
Dummy
none
-1
-1
0
2
Taxers2 (43)
none
43
0
3
0
2
0
NO_ITEM
NO_ITEM
NO_ITEM
NO_ITEM
NO_ITEM
NO_ITEM
NO_ITEM
NO_ITEM
NO_ITEM
22
4
7 GBLN
287 SILV
4 SWOR
8 STON
1
COMB 280
NO_SKILL
0
-1
0
new Taxers 2 (48)
none
48
0
3
2
2
0
NO_ITEM
NO_ITEM
NO_ITEM
NO_ITEM
NO_ITEM
NO_ITEM
NO_ITEM
NO_ITEM
NO_ITEM
18
1
7 GBLN
1
COMB 210
NO_SKILL
0
-1
0
Atlantis Ocean
78
ocean
1
0
NO_RACE
0
0
0
0
0
0
0
0
0
0
1
0
0
0
11
9
1
0
1
FISH
32
32
10
0
1
0
None
0
Dummy
none
-1
-1
0
0
Atlantis Ocean
79
ocean
1
0
NO_RACE
0
0
0
0
0
0
0
0
0
0
1
0
0
0
13
9
1
0
2
FISH
39
39
10
TURT
6
6
10
0
1
0
None
0
Dummy
none
-1
-1
0
0
Atlantis Ocean
80
ocean
1
0
NO_RACE
0
0
0
0
0
0
0
0
0
0
1
0
0
0
15
9
1
0
2
FISH
38
38
10
RGEM
8
8
10
0
1
0
None
0
Dummy
none
-1
-1
0
0
Atlantis Ocean
81
ocean
1
0
VIKI
0
0
0
0
0
0
0
0
0
0
1
0
0
0
0
10
1
0
1
FISH
24
24
10
0
1
0
None
0
Dummy
none
-1
-1
0
0
Atlantis Ocean
82
ocean
1
0
NO_RACE
0
0
0
0
0
0
0
0
0
0
1
0
0
0
2
10
1
0
2
FISH
36
36
10
RGEM
5
5
10
0
1
0
None
0
Dummy
none
-1
-1
0
0
Atlantis Ocean
83
ocean
1
0
VIKI
0
0
0
0
0
0
0
0
0
0
1
0
0
0
4
10
1
0
1
FISH
37
37
10
0
1
0
None
0
Dummy
none
-1
-1
0
0
Atlantis Ocean
84
ocean
1
0
NO_RACE
0
0
0
0
0
0
0
0
0
0
1
0
0
0
6
10
1
0
1
FISH
31
31
10
0
1
0
None
0
Dummy
none
-1
-1
0
0
Atlantis Ocean
85
ocean
1
0
NO_RACE
0
0
0
0
0
0
0
0
0
0
1
0
0
0
8
10
1
0
2
FISH
30
30
10
TURT
7
7
10
0
1
0
None
0
Dummy
none
-1
-1
0
0
Atlantis Ocean
86
ocean
1
0
NO_RACE
0
0
0
0
0
0
0
0
0
0
1
0
0
0
10
10
1
0
2
FISH
24
24
10
RGEM
8
8
10
0
1
0
None
0
Dummy
none
-1
-1
0
0
Atlantis Ocean
87
ocean
1
0
NO_RACE
0
0
0
0
0
0
0
0
0
0
1
0
0
0
12
10
1
0
2
FISH
36
36
10
TURT
6
6
10
0
1
0
None
0
Dummy
none
-1
-1
0
0
Atlantis Ocean
88
ocean
1
0
NO_RACE
0
0
0
0
0
0
0
0
0
0
1
0
0
0
14
10
1
0
2
FISH
35
35
10
RGEM
8
8
10
0
1
0
None
0
Dummy
none
-1
-1
0
0
Atlantis Ocean
89
ocean
1
0
NO_RACE
0
0
0
0
0
0
0
0
0
0
1
0
0
0
1
11
1
0
2
FISH
28
28
10
RGEM
5
5
10
0
1
0
None
0
Dummy
none
-1
-1
0
0
Atlantis Ocean
90
ocean
1
0
NO_RACE
0
0
0
0
0
0
0
0
0
0
1
0
0
0
3
11
1
0
2
FISH
29
29
10
TURT
7
7
10
0
1
0
None
0
Dummy
none
-1
-1
0
0
Atlantis Ocean
91
ocean
1
0
NO_RACE
0
0
0
0
0
0
0
0
0
0
1
0
0
0
5
11
1
0
1
FISH
23
23
10
0
1
0
None
0
Dummy
none
-1
-1
0
1
Pirates (10)
none
10
3
2
2
0
0
NO_ITEM
NO_ITEM
NO_ITEM
NO_ITEM
NO_ITEM
NO_ITEM
NO_ITEM
NO_ITEM
NO_ITEM
10
1
13 PIRA
0
NO_SKILL
0
-1
0
Atlantis Ocean
92
ocean
1
0
NO_RACE
0
0
0
0
0
0
0
0
0
0
1
0
0
0
7
11
1
0
2
FISH
34
34
10
RGEM
6
6
10
0
1
0
None
0
Dummy
none
-1
-1
0
0
Atlantis Ocean
93
ocean
1
0
NO_RACE
0
0
0
0
0
0
0
0
0
0
1
0
0
0
9
11
1
0
2
FISH
27
27
10
RGEM
7
7
10
0
1
0
None
0
Dummy
none
-1
-1
0
1
Pirates (13)
none
13
3
2
2
0
0
NO_ITEM
NO_ITEM
NO_ITEM
NO_ITEM
NO_ITEM
NO_ITEM
NO_ITEM
NO_ITEM
NO_ITEM
10
1
17 PIRA
0
NO_SKILL
0
-1
0
Atlantis Ocean
94
ocean
1
0
NO_RACE
0
0
0
0
0
0
0
0
0
0
1
0
0
0
11
11
1
0
2
FISH
39
39
10
RGEM
5
5
10
0
1
0
None
0
Dummy
none
-1
-1
0
0
Atlantis Ocean
95
ocean
2
0
NO_RACE
0
0
0
0
0
0
0
0
0
0
1
0
0
0
13
11
1
0
1
FISH
30
30
10
0
2
0
None
0
Dummy
none
-1
-1
0
0
1
Derelict Ship
0
Derelict Ship [1]
none
-1
-1
0
1
Kraken (34)
none
34
3
2
2
0
0
NO_ITEM
NO_ITEM
NO_ITEM
NO_ITEM
NO_ITEM
NO_ITEM
NO_ITEM
NO_ITEM
NO_ITEM
10
1
1 KRAK
0
NO_SKILL
0
-1
0
Atlantis Ocean
96
ocean
1
0
NO_RACE
0
0
0
0
0
0
0
0
0
0
1
0
0
0
15
11
1
0
1
FISH
21
21
10
0
1
0
None
0
Dummy
none
-1
-1
0
0
Atlantis Ocean
97
ocean
1
0
NO_RACE
0
0
0
0
0
0
0
0
0
0
1
0
0
0
0
12
1
0
2
FISH
39
39
10
TURT
6
6
10
0
1
0
None
0
Dummy
none
-1
-1
0
0
Atlantis Ocean
98
ocean
1
0
NO_RACE
0
0
0
0
0
0
0
0
0
0
1
0
0
0
2
12
1
0
1
FISH
38
38
10
0
1
0
None
0
Dummy
none
-1
-1
0
0
Atlantis Ocean
99
ocean
1
0
VIKI
0
0
0
0
0
0
0
0
0
0
1
0
0
0
4
12
1
0
2
FISH
28
28
10
RGEM
5
5
10
0
1
0
None
0
Dummy
none
-1
-1
0
0
Dandienfel
100
plain
1
0
GNOL
2375
1182
126
126
1235
0
0
0
0
0
3546
87
87
0
6
12
1
0
4
GRAI
66
66
10
HORS
25
25
10
SILV
501
501
NO_SKILL
126
SILV
76
76
ENTE
300
2
0
GNOL
40
95
0
10000
0
2000
40
0
LEAD
705
19
0
10000
0
400
705
1
0
None
0
Dummy
none
-1
-1
0
0
Dandienfel
101
plain
1
0
HELF
2053
1053
137
137
1519
0
0
0
0
0
3159
101
101
0
8
12
1
0
4
LIVE
77
77
10
HORS
21
21
10
SILV
627
627
NO_SKILL
137
SILV
81
81
ENTE
300
2
0
HELF
43
82
0
10000
0
2000
43
0
LEAD
767
16
0
10000
0
400
767
1
0
None
0
Dummy
none
-1
-1
0
0
Atlantis Ocean
102
ocean
1
0
NO_RACE
0
0
0
0
0
0
0
0
0
0
1
0
0
0
10
12
1
0
2
FISH
37
37
10
TURT
7
7
10
0
1
0
None
0
Dummy
none
-1
-1
0
0
Atlantis Ocean
103
ocean
1
0
NO_RACE
0
0
0
0
0
0
0
0
0
0
1
0
0
0
12
12
1
0
2
FISH
35
35
10
TURT
8
8
10
0
1
0
None
0
Dummy
none
-1
-1
0
0
Atlantis Ocean
104
ocean
1
0
NO_RACE
0
0
0
0
0
0
0
0
0
0
1
0
0
0
14
12
1
0
1
FISH
26
26
10
0
1
0
None
0
Dummy
none
-1
-1
0
0
Atlantis Ocean
105
ocean
1
0
NO_RACE
0
0
0
0
0
0
0
0
0
0
1
0
0
0
1
13
1
0
2
FISH
28
28
10
RGEM
6
6
10
0
1
0
None
0
Dummy
none
-1
-1
0
0
Atlantis Ocean
106
ocean
1
0
NO_RACE
0
0
0
0
0
0
0
0
0
0
1
0
0
0
3
13
1
0
2
FISH
30
30
10
RGEM
8
8
10
0
1
0
None
0
Dummy
none
-1
-1
0
0
Dandienfel
107
plain
1
0
HELF
2612
1360
137
137
1932
0
0
0
0
0
4082
102
102
0
5
13
1
0
5
GRAI
62
62
10
HORS
24
24
10
WING
5
5
10
SILV
777
777
NO_SKILL
137
SILV
114
114
ENTE
300
2
0
HELF
43
104
0
10000
0
2000
43
0
LEAD
767
20
0
10000
0
400
767
1
0
None
0
Dummy
none
-1
-1
0
0
Dandienfel
108
plain
1
0
HUMN
2343
1202
121
121
984
0
0
0
0
0
3606
80
80
0
7
13
1
0
4
LIVE
69
69
10
HORS
39
39
10
SILV
399
399
NO_SKILL
121
SILV
64
64
ENTE
300
2
0
HUMN
38
93
0
10000
0
2000
38
0
LEAD
677
18
0
10000
0
400
677
1
0
None
0
Dummy
none
-1
-1
0
0
Gircepbla
109
mountain
1
0
ORC
1859
984
131
131
1152
0
0
0
0
0
2952
93
93
0
9
13
1
0
6
GRAI
38
38
10
IRON
29
29
10
STON
15
15
10
MITH
6
6
10
SILV
484
484
NO_SKILL
131
SILV
60
60
ENTE
300
2
0
ORC
41
74
0
10000
0
2000
41
0
LEAD
733
14
0
10000
0
400
733
1
0
None
0
Dummy
none
-1
-1
0
0
Atlantis Ocean
110
ocean
1
0
NO_RACE
0
0
0
0
0
0
0
0
0
0
1
0
0
0
11
13
1
0
2
FISH
25
25
10
TURT
5
5
10
0
1
0
None
0
Dummy
none
-1
-1
0
0
Atlantis Ocean
111
ocean
1
0
NO_RACE
0
0
0
0
0
0
0
0
0
0
1
0
0
0
13
13
1
0
2
FISH
24
24
10
TURT
5
5
10
0
1
0
None
0
Dummy
none
-1
-1
0
0
Atlantis Ocean
112
ocean
1
0
NO_RACE
0
0
0
0
0
0
0
0
0
0
1
0
0
0
15
13
1
0
1
FISH
33
33
10
0
1
0
None
0
Dummy
none
-1
-1
0
0
Atlantis Ocean
113
ocean
1
0
NO_RACE
0
0
0
0
0
0
0
0
0
0
1
0
0
0
0
14
1
0
1
FISH
34
34
10
0
1
0
None
0
Dummy
none
-1
-1
0
0
Atlantis Ocean
114
ocean
1
0
NO_RACE
0
0
0
0
0
0
0
0
0
0
1
0
0
0
2
14
1
0
1
FISH
39
39
10
0
1
0
None
0
Dummy
none
-1
-1
0
0
Atlantis Ocean
115
ocean
1
0
NO_RACE
0
0
0
0
0
0
0
0
0
0
1
0
0
0
4
14
1
0
2
FISH
22
22
10
TURT
7
7
10
0
1
0
None
0
Dummy
none
-1
-1
0
0
Dandienfel
116
plain
1
0
HUMN
2624
1325
124
124
1259
0
0
0
0
0
3976
84
84
0
6
14
1
0
4
GRAI
66
66
10
HORS
20
20
10
SILV
506
506
NO_SKILL
124
SILV
82
82
ENTE
300
2
0
HUMN
39
104
0
10000
0
2000
39
0
LEAD
694
20
0
10000
0
400
694
1
0
None
0
Dummy
none
-1
-1
0
0
Dandienfel
117
plain
1
0
GNOL
1729
915
127
127
933
0
0
0
0
0
2746
88
88
0
8
14
1
0
5
LIVE
73
73
10
HORS
21
21
10
WING
9
9
10
SILV
400
400
NO_SKILL
127
SILV
49
49
ENTE
300
2
0
GNOL
40
69
0
10000
0
2000
40
0
LEAD
711
13
0
10000
0
400
711
1
0
None
0
Dummy
none
-1
-1
0
0
Gircepbla
118
mountain
1
0
ORC
1610
813
135
135
1127
0
0
0
0
0
2440
98
98
0
10
14
1
0
5
GRAI
34
34
10
IRON
39
39
10
STON
18
18
10
SILV
489
489
NO_SKILL
135
SILV
55
55
ENTE
300
2
0
ORC
43
64
0
10000
0
2000
43
0
LEAD
756
12
0
10000
0
400
756
1
0
None
0
Dummy
none
-1
-1
0
0
Atlantis Ocean
119
ocean
1
0
NO_RACE
0
0
0
0
0
0
0
0
0
0
1
0
0
0
12
14
1
0
2
FISH
23
23
10
TURT
5
5
10
0
1
0
None
0
Dummy
none
-1
-1
0
0
Atlantis Ocean
120
ocean
1
0
NO_RACE
0
0
0
0
0
0
0
0
0
0
1
0
0
0
14
14
1
0
2
FISH
22
22
10
RGEM
9
9
10
0
1
0
None
0
Dummy
none
-1
-1
0
0
Atlantis Ocean
121
ocean
1
0
NO_RACE
0
0
0
0
0
0
0
0
0
0
1
0
0
0
1
15
1
0
2
FISH
37
37
10
TURT
5
5
10
0
1
0
None
0
Dummy
none
-1
-1
0
0
Atlantis Ocean
122
ocean
1
0
NO_RACE
0
0
0
0
0
0
0
0
0
0
1
0
0
0
3
15
1
0
2
FISH
20
20
10
RGEM
6
6
10
0
1
0
None
0
Dummy
none
-1
-1
0
0
Atlantis Ocean
123
ocean
1
0
NO_RACE
0
0
0
0
0
0
0
0
0
0
1
0
0
0
5
15
1
0
1
FISH
21
21
10
0
1
0
None
0
Dummy
none
-1
-1
0
0
Dandienfel
124
plain
1
0
HELF
2185
1120
134
134
1485
0
0
0
0
0
3362
97
97
0
7
15
1
0
5
LIVE
77
77
10
HORS
29
29
10
WING
6
6
10
SILV
610
610
NO_SKILL
134
SILV
82
82
ENTE
300
2
0
HELF
42
87
0
10000
0
2000
42
0
LEAD
750
17
0
10000
0
400
750
1
0
None
0
Dummy
none
-1
-1
0
0
Gircepbla
125
mountain
1
0
HDWA
2248
1102
120
120
899
0
0
0
0
0
3307
79
79
0
9
15
1
0
6
LIVE
22
22
10
IRON
22
22
10
STON
16
16
10
ROOT
5
5
10
SILV
367
367
NO_SKILL
120
SILV
58
58
ENTE
300
2
0
HDWA
38
89
0
10000
0
2000
38
0
LEAD
672
17
0
10000
0
400
672
1
0
None
0
Dummy
none
-1
-1
0
0
Atlantis Ocean
126
ocean
1
0
NO_RACE
0
0
0
0
0
0
0
0
0
0
1
0
0
0
11
15
1
0
1
FISH
36
36
10
0
1
0
None
0
Dummy
none
-1
-1
0
0
Atlantis Ocean
127
ocean
1
0
NO_RACE
0
0
0
0
0
0
0
0
0
0
1
0
0
0
13
15
1
0
2
FISH
39
39
10
RGEM
6
6
10
0
1
0
None
0
Dummy
none
-1
-1
0
0
Spacshire
128
plain
1
0
CTAU
2671
1272
135
135
1869
0
0
0
0
0
3816
98
98
0
15
15
1
0
5
GRAI
55
55
10
HORS
32
32
10
WING
5
5
10
SILV
750
750
NO_SKILL
135
SILV
112
112
ENTE
300
2
0
CTAU
75
106
0
10000
0
2000
75
0
LEAD
756
21
0
10000
0
400
756
1
0
None
0
Dummy
none
-1
-1
0
0
The Undersea
129
ocean
1
0
LEAD
0
0
0
0
0
0
0
0
0
0
1
0
0
0
0
0
2
0
1
FISH
24
24
10
0
1
0
None
0
Dummy
none
-1
-1
0
0
The Undersea
130
ocean
1
0
NO_RACE
0
0
0
0
0
0
0
0
0
0
1
0
0
0
2
0
2
0
1
FISH
31
31
10
0
1
0
None
0
Dummy
none
-1
-1
0
2
Merfolk (18)
none
18
3
2
2
0
0
NO_ITEM
NO_ITEM
NO_ITEM
NO_ITEM
NO_ITEM
NO_ITEM
NO_ITEM
NO_ITEM
NO_ITEM
10
1
84 MERF
0
NO_SKILL
0
-1
0
Kraken (19)
none
19
3
2
2
0
0
NO_ITEM
NO_ITEM
NO_ITEM
NO_ITEM
NO_ITEM
NO_ITEM
NO_ITEM
NO_ITEM
NO_ITEM
10
1
1 KRAK
0
NO_SKILL
0
-1
0
Bindsid
131
cavern
2
0
HUMN
827
431
130
130
496
0
0
0
0
0
1293
91
91
0
4
0
2
0
5
LIVE
10
10
10
IRON
20
20
10
STON
39
39
10
SILV
285
285
NO_SKILL
130
SILV
20
20
ENTE
300
2
0
HUMN
41
33
0
10000
0
2000
41
0
LEAD
728
6
0
10000
0
400
728
2
0
None
0
Dummy
none
-1
-1
0
1
Goblin Horde (15)
none
15
3
2
2
0
0
NO_ITEM
NO_ITEM
NO_ITEM
NO_ITEM
NO_ITEM
NO_ITEM
NO_ITEM
NO_ITEM
NO_ITEM
10
1
36 GOBL
0
NO_SKILL
0
-1
0
1
Shaft
0
Shaft [1]
none
13
-1
0
0
Bindsid
132
cavern
1
0
UDWA
1024
517
128
128
573
0
0
0
0
0
1552
89
89
0
6
0
2
0
6
LIVE
19
19
10
IRON
23
23
10
STON
22
22
10
MITH
9
9
10
SILV
303
303
NO_SKILL
128
SILV
26
26
ENTE
300
2
0
UDWA
40
40
0
10000
0
2000
40
0
LEAD
716
8
0
10000
0
400
716
1
0
None
0
Dummy
none
-1
-1
0
0
The Undersea
133
ocean
1
0
LEAD
0
0
0
0
0
0
0
0
0
0
1
0
0
0
1
1
2
0
1
FISH
32
32
10
0
1
0
None
0
Dummy
none
-1
-1
0
0
The Undersea
134
ocean
1
0
LEAD
0
0
0
0
0
0
0
0
0
0
1
0
0
0
3
1
2
0
2
FISH
34
34
10
TURT
9
9
10
0
1
0
None
0
Dummy
none
-1
-1
0
0
Bindsid
135
cavern
2
0
GNOM
767
399
128
128
429
0
0
0
0
0
1199
89
89
0
5
1
2
0
5
GRAI
12
12
10
IRON
20
20
10
STON
31
31
10
SILV
255
255
NO_SKILL
128
SILV
18
18
ENTE
300
2
0
GNOM
30
30
0
10000
0
2000
30
0
LEAD
716
6
0
10000
0
400
716
2
0
None
0
Dummy
none
-1
-1
0
2
Goblin Horde (16)
none
16
3
2
2
0
0
NO_ITEM
NO_ITEM
NO_ITEM
NO_ITEM
NO_ITEM
NO_ITEM
NO_ITEM
NO_ITEM
NO_ITEM
10
1
35 GOBL
0
NO_SKILL
0
-1
0
Goblin Horde (21)
none
21
3
2
2
0
0
NO_ITEM
NO_ITEM
NO_ITEM
NO_ITEM
NO_ITEM
NO_ITEM
NO_ITEM
NO_ITEM
NO_ITEM
10
1
26 GOBL
0
NO_SKILL
0
-1
0
1
Lair
0
Lair [1]
none
-1
-1
0
1
Dragon (27)
none
27
3
2
2
0
0
NO_ITEM
NO_ITEM
NO_ITEM
NO_ITEM
NO_ITEM
NO_ITEM
NO_ITEM
NO_ITEM
NO_ITEM
10
1
1 DRAG
0
NO_SKILL
0
-1
0
The Undersea
136
ocean
1
0
LEAD
0
0
0
0
0
0
0
0
0
0
1
0
0
0
7
1
2
0
2
FISH
32
32
10
RGEM
7
7
10
0
1
0
None
0
Dummy
none
-1
-1
0
0
E'iun
137
tunnels
1
0
HELF
0
0
0
0
0
0
0
0
0
0
100
0
0
0
0
2
2
0
3
IRON
25
25
10
STON
22
22
10
MITH
6
6
10
0
1
0
None
0
Dummy
none
-1
-1
0
0
E'iun
138
tunnels
1
0
HELF
0
0
0
0
0
0
0
0
0
0
100
0
0
0
2
2
2
0
3
IRON
23
23
10
STON
33
33
10
MITH
7
7
10
0
1
0
None
0
Dummy
none
-1
-1
0
0
Bindsid
139
cavern
1
0
HUMN
869
439
122
122
382
0
0
0
0
0
1318
81
81
0
4
2
2
0
5
LIVE
15
15
10
IRON
18
18
10
STON
20
20
10
SILV
215
215
NO_SKILL
122
SILV
17
17
ENTE
300
2
0
HUMN
39
34
0
10000
0
2000
39
0
LEAD
683
6
0
10000
0
400
683
1
0
None
0
Dummy
none
-1
-1
0
0
Bindsid
140
cavern
1
0
HUMN
744
393
121
121
312
0
0
0
0
0
1181
80
80
0
6
2
2
0
5
LIVE
15
15
10
IRON
26
26
10
STON
30
30
10
SILV
188
188
NO_SKILL
121
SILV
14
14
ENTE
300
2
0
HUMN
38
29
0
10000
0
2000
38
0
LEAD
677
5
0
10000
0
400
677
1
0
None
0
Dummy
none
-1
-1
0
0
E'iun
141
tunnels
1
0
HELF
0
0
0
0
0
0
0
0
0
0
100
0
0
0
1
3
2
0
3
IRON
25
25
10
STON
32
32
10
MUSH
5
5
10
0
1
0
None
0
Dummy
none
-1
-1
0
0
E'iun
142
tunnels
1
0
HELF
0
0
0
0
0
0
0
0
0
0
100
0
0
0
3
3
2
0
2
IRON
22
22
10
STON
34
34
10
0
1
0
None
0
Dummy
none
-1
-1
0
0
Chienbandaiy
143
cavern
1
0
UDWA
866
424
130
130
1299
0
0
0
0
0
1274
90
90
1
Scragpal
1300
1950
5
3
2
0
5
LIVE
12
12
10
IRON
18
18
10
STON
29
29
10
SILV
534
534
NO_SKILL
130
SILV
74
74
ENTE
300
13
1
GRAI
24
124
866
3366
82
164
19
1
LIVE
18
124
866
3366
82
164
15
1
FISH
21
123
866
3366
81
162
17
1
XBOW
72
0
3616
10866
0
44
66
1
BAXE
139
0
4366
10866
0
41
127
1
AXE
78
0
5116
10866
0
27
71
1
SPEA
80
0
5866
10866
0
35
73
0
JEWE
99
0
5866
10866
0
98
99
1
SPIC
169
0
5616
10866
0
96
154
1
CHOC
188
0
7366
10866
0
53
171
0
TRUF
111
0
7532
10866
0
73
111
0
UDWA
41
86
0
10000
0
2000
41
0
LEAD
728
17
0
10000
0
400
728
1
0
None
0
Dummy
none
-1
-1
0
1
City Guard (7)
none
7
2
1
1
2
0
NO_ITEM
NO_ITEM
NO_ITEM
NO_ITEM
NO_ITEM
NO_ITEM
NO_ITEM
NO_ITEM
NO_ITEM
10
3
40 LEAD
40 SWOR
2000 SILV
2
COMB 1200
OBSE 1200
NO_SKILL
0
-1
0
E'iun
144
tunnels
2
0
HELF
0
0
0
0
0
0
0
0
0
0
100
0
0
0
7
3
2
0
2
IRON
27
27
10
STON
38
38
10
0
2
0
None
0
Dummy
none
-1
-1
0
0
1
Lair
0
Lair [1]
none
-1
-1
0
1
Dragon (28)
none
28
3
2
2
0
0
NO_ITEM
NO_ITEM
NO_ITEM
NO_ITEM
NO_ITEM
NO_ITEM
NO_ITEM
NO_ITEM
NO_ITEM
10
1
1 DRAG
0
NO_SKILL
0
-1
0
Chienbandaiy
145
cavern
2
0
GNOM
819
407
123
123
376
0
0
0
0
0
1223
82
82
0
0
4
2
0
5
LIVE
15
15
10
IRON
26
26
10
STON
22
22
10
SILV
217
217
NO_SKILL
123
SILV
16
16
ENTE
300
2
0
GNOM
29
32
0
10000
0
2000
29
0
LEAD
688
6
0
10000
0
400
688
2
0
None
0
Dummy
none
-1
-1
0
0
1
Lair
0
Lair [1]
none
-1
-1
0
1
Dragon (45)
none
45
3
2
2
0
0
NO_ITEM
NO_ITEM
NO_ITEM
NO_ITEM
NO_ITEM
NO_ITEM
NO_ITEM
NO_ITEM
NO_ITEM
10
1
1 DRAG
0
NO_SKILL
0
-1
0
E'iun
146
tunnels
2
0
NO_RACE
0
0
0
0
0
0
0
0
0
0
100
0
0
0
2
4
2
0
2
IRON
27
27
10
STON
25
25
10
0
2
0
None
0
Dummy
none
-1
-1
0
0
1
Lair
0
Lair [1]
none
-1
-1
0
1
Dragon (29)
none
29
3
2
2
0
0
NO_ITEM
NO_ITEM
NO_ITEM
NO_ITEM
NO_ITEM
NO_ITEM
NO_ITEM
NO_ITEM
NO_ITEM
10
1
1 DRAG
0
NO_SKILL
0
-1
0
Bindsid
147
cavern
1
0
DRLF
690
365
131
131
427
0
0
0
0
0
1096
93
93
0
4
4
2
0
7
GRAI
11
11
10
IRON
28
28
10
STON
27
27
10
MITH
6
6
10
ROOT
7
7
10
SILV
266
266
NO_SKILL
131
SILV
17
17
ENTE
300
2
0
DRLF
41
27
0
10000
0
2000
41
0
LEAD
733
5
0
10000
0
400
733
1
0
None
0
Dummy
none
-1
-1
0
0
Chienbandaiy
148
cavern
1
0
HUMN
667
337
123
123
306
0
0
0
0
0
1012
82
82
0
6
4
2
0
6
LIVE
14
14
10
IRON
21
21
10
STON
25
25
10
MITH
5
5
10
SILV
194
194
NO_SKILL
123
SILV
13
13
ENTE
300
2
0
HUMN
39
26
0
10000
0
2000
39
0
LEAD
688
5
0
10000
0
400
688
1
0
None
0
Dummy
none
-1
-1
0
0
E'iun
149
tunnels
1
0
HELF
0
0
0
0
0
0
0
0
0
0
100
0
0
0
1
5
2
0
3
IRON
15
15
10
STON
21
21
10
ROOT
8
8
10
0
1
0
None
0
Dummy
none
-1
-1
0
0
E'iun
150
tunnels
1
0
HELF
0
0
0
0
0
0
0
0
0
0
100
0
0
0
3
5
2
0
2
IRON
24
24
10
STON
21
21
10
0
1
0
None
0
Dummy
none
-1
-1
0
1
Giant Lizards (20)
none
20
3
2
2
0
0
NO_ITEM
NO_ITEM
NO_ITEM
NO_ITEM
NO_ITEM
NO_ITEM
NO_ITEM
NO_ITEM
NO_ITEM
10
1
2 GLIZ
0
NO_SKILL
0
-1
0
Chienbandaiy
151
cavern
1
0
UDWA
898
475
135
135
628
0
0
0
0
0
1426
99
99
0
5
5
2
0
5
LIVE
14
14
10
IRON
29
29
10
STON
24
24
10
SILV
349
349
NO_SKILL
135
SILV
25
25
ENTE
300
2
0
UDWA
43
35
0
10000
0
2000
43
0
LEAD
756
7
0
10000
0
400
756
1
0
None
0
Dummy
none
-1
-1
0
0
Chienbandaiy
152
cavern
1
0
DRLF
736
389
130
130
441
0
0
0
0
0
1169
91
91
0
7
5
2
0
5
LIVE
18
18
10
IRON
21
21
10
STON
33
33
10
SILV
267
267
NO_SKILL
130
SILV
18
18
ENTE
300
2
0
DRLF
41
29
0
10000
0
2000
41
0
LEAD
728
5
0
10000
0
400
728
1
0
None
0
Dummy
none
-1
-1
0
1
Goblin Horde (17)
none
17
3
2
2
0
0
NO_ITEM
NO_ITEM
NO_ITEM
NO_ITEM
NO_ITEM
NO_ITEM
NO_ITEM
NO_ITEM
NO_ITEM
10
1
22 GOBL
0
NO_SKILL
0
-1
0
Chienbandaiy
153
cavern
1
0
HUMN
945
484
123
123
434
0
0
0
0
0
1454
83
83
0
0
6
2
0
5
LIVE
16
16
10
IRON
28
28
10
STON
37
37
10
SILV
236
236
NO_SKILL
123
SILV
20
20
ENTE
300
2
0
HUMN
39
37
0
10000
0
2000
39
0
LEAD
688
7
0
10000
0
400
688
1
0
None
0
Dummy
none
-1
-1
0
0
E'iun
154
tunnels
2
0
HELF
0
0
0
0
0
0
0
0
0
0
100
0
0
0
2
6
2
0
2
IRON
16
16
10
STON
20
20
10
0
2
0
None
0
Dummy
none
-1
-1
0
0
1
Demon Pit
0
Demon Pit [1]
none
-1
-1
0
1
Demons (30)
none
30
3
2
2
0
0
NO_ITEM
NO_ITEM
NO_ITEM
NO_ITEM
NO_ITEM
NO_ITEM
NO_ITEM
NO_ITEM
NO_ITEM
10
3
14 IMP
7 DEMO
1 BALR
0
NO_SKILL
0
-1
0
E'iun
155
tunnels
1
0
HELF
0
0
0
0
0
0
0
0
0
0
100
0
0
0
4
6
2
0
3
IRON
19
19
10
STON
28
28
10
ROOT
8
8
10
0
1
0
None
0
Dummy
none
-1
-1
0
0
Chienbandaiy
156
cavern
1
0
HUMN
947
471
132
132
606
0
0
0
0
0
1414
95
95
0
6
6
2
0
5
GRAI
19
19
10
IRON
22
22
10
STON
27
27
10
SILV
329
329
NO_SKILL
132
SILV
25
25
ENTE
300
2
0
HUMN
42
37
0
10000
0
2000
42
0
LEAD
739
7
0
10000
0
400
739
1
0
None
0
Dummy
none
-1
-1
0
0
Chienbandaiy
157
cavern
1
0
UDWA
958
499
158
158
11246
0
0
0
0
0
1498
128
128
1
Jeborough
8737
13106
1
7
2
0
5
LIVE
17
17
10
IRON
27
27
10
STON
29
29
10
SILV
2249
2249
NO_SKILL
158
SILV
659
659
ENTE
300
13
1
GRAI
18
156
958
3458
78
156
15
1
LIVE
23
156
958
3458
78
156
18
1
FISH
21
198
958
3458
99
198
17
1
AXE
115
23
3708
10958
0
29
84
1
BAG
105
20
4458
10958
0
26
76
1
SPEA
82
36
5208
10958
0
47
60
1
NET
119
34
5958
10958
0
46
87
1
CAVI
211
47
5708
10958
0
63
152
0
VODK
81
59
5958
10958
0
79
81
1
PERF
242
41
7458
10958
0
65
175
0
COTT
90
40
7624
10958
0
66
90
0
UDWA
50
387
0
10000
0
2000
50
0
LEAD
884
77
0
10000
0
400
884
1
0
None
0
Dummy
none
-1
-1
0
1
City Guard (8)
none
8
2
1
1
2
0
NO_ITEM
NO_ITEM
NO_ITEM
NO_ITEM
NO_ITEM
NO_ITEM
NO_ITEM
NO_ITEM
NO_ITEM
10
3
120 LEAD
120 SWOR
6000 SILV
2
COMB 21600
OBSE 21600
NO_SKILL
0
-1
0
E'iun
158
tunnels
2
0
HELF
0
0
0
0
0
0
0
0
0
0
100
0
0
0
3
7
2
0
3
IRON
19
19
10
STON
37
37
10
ROOT
5
5
10
0
2
0
None
0
Dummy
none
-1
-1
0
1
Giant Lizards (22)
none
22
3
2
2
0
0
NO_ITEM
NO_ITEM
NO_ITEM
NO_ITEM
NO_ITEM
NO_ITEM
NO_ITEM
NO_ITEM
NO_ITEM
10
1
2 GLIZ
0
NO_SKILL
0
-1
0
1
Ruin
0
Ruin [1]
none
-1
-1
0
1
Ettins (46)
none
46
3
2
2
0
0
NO_ITEM
NO_ITEM
NO_ITEM
NO_ITEM
NO_ITEM
NO_ITEM
NO_ITEM
NO_ITEM
NO_ITEM
10
1
1 ETTI
0
NO_SKILL
0
-1
0
Chienbandaiy
159
cavern
1
0
HUMN
932
485
129
129
540
0
0
0
0
0
1457
90
90
0
5
7
2
0
5
LIVE
13
13
10
IRON
16
16
10
STON
31
31
10
SILV
296
296
NO_SKILL
129
SILV
23
23
ENTE
300
2
0
HUMN
41
37
0
10000
0
2000
41
0
LEAD
722
7
0
10000
0
400
722
1
0
None
0
Dummy
none
-1
-1
0
0
Chienbandaiy
160
cavern
1
0
HUMN
660
349
122
122
290
0
0
0
0
0
1048
81
81
0
7
7
2
0
6
GRAI
16
16
10
IRON
21
21
10
STON
21
21
10
ADMT
7
7
10
SILV
184
184
NO_SKILL
122
SILV
12
12
ENTE
300
2
0
HUMN
39
26
0
10000
0
2000
39
0
LEAD
683
5
0
10000
0
400
683
1
0
None
0
Dummy
none
-1
-1
0
0
Neighbors
-1
-1
-1
-1
-1
-1
-1
-1
9
17
16
-1
-1
-1
10
18
9
-1
-1
-1
11
19
10
-1
-1
-1
12
20
11
-1
-1
-1
13
21
12
-1
-1
-1
14
22
13
-1
-1
-1
15
23
14
-1
-1
-1
16
24
15
-1
-1
2
18
25
17
1
-1
3
19
26
18
2
-1
4
20
27
19
3
-1
5
21
28
20
4
-1
6
22
29
21
5
-1
7
23
30
22
6
-1
8
24
31
23
7
-1
1
17
32
24
8
1
9
25
33
32
16
2
10
26
34
25
9
3
11
27
35
26
10
4
12
28
36
27
11
5
13
29
37
28
12
6
14
30
38
29
13
7
15
31
39
30
14
8
16
32
40
31
15
9
18
34
41
33
17
10
19
35
42
34
18
11
20
36
43
35
19
12
21
37
44
36
20
13
22
38
45
37
21
14
23
39
46
38
22
15
24
40
47
39
23
16
17
33
48
40
24
17
25
41
49
48
32
18
26
42
50
41
25
19
27
43
51
42
26
20
28
44
52
43
27
21
29
45
53
44
28
22
30
46
54
45
29
23
31
47
55
46
30
24
32
48
56
47
31
25
34
50
57
49
33
26
35
51
58
50
34
27
36
52
59
51
35
28
37
53
60
52
36
29
38
54
61
53
37
30
39
55
62
54
38
31
40
56
63
55
39
32
33
49
64
56
40
33
41
57
65
64
48
34
42
58
66
57
41
35
43
59
67
58
42
36
44
60
68
59
43
37
45
61
69
60
44
38
46
62
70
61
45
39
47
63
71
62
46
40
48
64
72
63
47
41
50
66
73
65
49
42
51
67
74
66
50
43
52
68
75
67
51
44
53
69
76
68
52
45
54
70
77
69
53
46
55
71
78
70
54
47
56
72
79
71
55
48
49
65
80
72
56
49
57
73
81
80
64
50
58
74
82
73
57
51
59
75
83
74
58
52
60
76
84
75
59
53
61
77
85
76
60
54
62
78
86
77
61
55
63
79
87
78
62
56
64
80
88
79
63
57
66
82
89
81
65
58
67
83
90
82
66
59
68
84
91
83
67
60
69
85
92
84
68
61
70
86
93
85
69
62
71
87
94
86
70
63
72
88
95
87
71
64
65
81
96
88
72
65
73
89
97
96
80
66
74
90
98
89
73
67
75
91
99
90
74
68
76
92
100
91
75
69
77
93
101
92
76
70
78
94
102
93
77
71
79
95
103
94
78
72
80
96
104
95
79
73
82
98
105
97
81
74
83
99
106
98
82
75
84
100
107
99
83
76
85
101
108
100
84
77
86
102
109
101
85
78
87
103
110
102
86
79
88
104
111
103
87
80
81
97
112
104
88
81
89
105
113
112
96
82
90
106
114
105
89
83
91
107
115
106
90
84
92
108
116
107
91
85
93
109
117
108
92
86
94
110
118
109
93
87
95
111
119
110
94
88
96
112
120
111
95
89
98
114
121
113
97
90
99
115
122
114
98
91
100
116
123
115
99
92
101
117
124
116
100
93
102
118
125
117
101
94
103
119
126
118
102
95
104
120
127
119
103
96
97
113
128
120
104
97
105
121
-1
128
112
98
106
122
-1
121
105
99
107
123
-1
122
106
100
108
124
-1
123
107
101
109
125
-1
124
108
102
110
126
-1
125
109
103
111
127
-1
126
110
104
112
128
-1
127
111
105
114
-1
-1
-1
113
106
115
-1
-1
-1
114
107
116
-1
-1
-1
115
108
117
-1
-1
-1
116
109
118
-1
-1
-1
117
110
119
-1
-1
-1
118
111
120
-1
-1
-1
119
112
113
-1
-1
-1
120
-1
-1
133
137
136
-1
-1
-1
134
138
133
-1
-1
-1
135
139
134
-1
-1
-1
136
140
135
-1
-1
130
-1
141
137
129
-1
131
-1
-1
-1
130
-1
132
140
143
139
131
-1
129
137
-1
140
132
129
133
-1
145
144
136
130
-1
142
146
141
-1
131
135
143
147
142
-1
132
136
-1
-1
143
135
133
138
146
149
-1
-1
-1
139
-1
-1
146
138
135
140
148
151
147
139
-1
137
-1
-1
-1
-1
137
-1
-1
153
-1
-1
138
142
-1
154
149
141
139
143
151
155
150
-1
-1
-1
152
156
151
143
141
146
-1
-1
-1
-1
-1
147
155
-1
-1
-1
143
148
-1
159
155
147
-1
-1
153
160
-1
148
145
-1
157
-1
160
152
146
-1
158
-1
-1
-1
147
151
-1
-1
158
150
148
-1
160
-1
159
-1
-1
-1
-1
-1
-1
153
-1
155
-1
-1
-1
154
151
156
-1
-1
-1
-1
152
153
-1
-1
-1
156
0
0
